No node processes to kill

> company-info-finder@0.1.0 dev
> next dev -p 9999

  ▲ Next.js 14.2.24
  - Local:        http://localhost:9999

 ✓ Starting...
 ✓ Ready in 1005ms
 ○ Compiling / ...
 ✓ Compiled / in 1088ms (976 modules)
 GET / 200 in 1260ms
 ✓ Compiled in 135ms (382 modules)
 ✓ Compiled in 186ms (382 modules)
 GET / 200 in 45ms
 GET / 200 in 29ms
 GET / 200 in 25ms
 GET / 200 in 65ms
 GET / 200 in 31ms
 GET / 200 in 50ms
 GET / 200 in 26ms
 GET / 200 in 24ms
 GET / 200 in 100ms
 GET / 200 in 22ms
 GET / 200 in 29ms
 GET / 200 in 27ms
 GET / 200 in 24ms
 GET / 200 in 20ms
 GET / 200 in 25ms
 GET / 200 in 23ms
 GET / 200 in 18ms
 GET / 200 in 31ms
 GET / 200 in 18ms
 GET / 200 in 24ms
 GET / 200 in 21ms
 GET / 200 in 22ms
 GET / 200 in 18ms
 GET / 200 in 29ms
 GET / 200 in 61ms
 ✓ Compiled in 508ms (493 modules)
 ✓ Compiled in 103ms (256 modules)
 ✓ Compiled in 50ms (479 modules)
